<?xml version="1.0" encoding="UTF-8" ?>
<testsuite tests="2" failures="0" name="org.openmrs.module.blopup.notification.EncryptionServiceTest" time="16.646" errors="0" skipped="0">
  <properties>
    <property name="idea.version" value="2022.2.3"/>
    <property name="java.runtime.name" value="OpenJDK Runtime Environment"/>
    <property name="sun.boot.library.path" value="/Users/olaoluajose/Library/Java/JavaVirtualMachines/azul-1.8.0_352/Contents/Home/jre/lib"/>
    <property name="java.vm.version" value="25.352-b08"/>
    <property name="gopherProxySet" value="false"/>
    <property name="jdk.vendor.version" value="Zulu 8.66.0.15-CA-macosx"/>
    <property name="java.vm.vendor" value="Azul Systems, Inc."/>
    <property name="maven.multiModuleProjectDirectory" value="/Users/olaoluajose/Documents/GitHub/blopup-notification-module/blopup.notification"/>
    <property name="java.vendor.url" value="http://www.azul.com/"/>
    <property name="path.separator" value=":"/>
    <property name="guice.disable.misplaced.annotation.check" value="true"/>
    <property name="java.vm.name" value="OpenJDK 64-Bit Server VM"/>
    <property name="file.encoding.pkg" value="sun.io"/>
    <property name="user.country" value="ES"/>
    <property name="sun.java.launcher" value="SUN_STANDARD"/>
    <property name="sun.os.patch.level" value="unknown"/>
    <property name="java.vm.specification.name" value="Java Virtual Machine Specification"/>
    <property name="user.dir" value="/Users/olaoluajose/Documents/GitHub/blopup-notification-module/blopup.notification"/>
    <property name="java.runtime.version" value="1.8.0_352-b08"/>
    <property name="java.awt.graphicsenv" value="sun.awt.CGraphicsEnvironment"/>
    <property name="java.endorsed.dirs" value="/Users/olaoluajose/Library/Java/JavaVirtualMachines/azul-1.8.0_352/Contents/Home/jre/lib/endorsed"/>
    <property name="os.arch" value="x86_64"/>
    <property name="java.io.tmpdir" value="/var/folders/11/mkj0v8tx1sz6dq5bmx46sdz00000gn/T/"/>
    <property name="line.separator" value="
"/>
    <property name="java.vm.specification.vendor" value="Oracle Corporation"/>
    <property name="os.name" value="Mac OS X"/>
    <property name="maven.ext.class.path" value="/Applications/IntelliJ IDEA CE.app/Contents/plugins/maven/lib/maven-event-listener.jar"/>
    <property name="classworlds.conf" value="/Applications/IntelliJ IDEA CE.app/Contents/plugins/maven/lib/maven3/bin/m2.conf"/>
    <property name="sun.jnu.encoding" value="UTF-8"/>
    <property name="java.library.path" value="/Users/olaoluajose/Library/Java/Extensions:/Library/Java/Extensions:/Network/Library/Java/Extensions:/System/Library/Java/Extensions:/usr/lib/java:."/>
    <property name="maven.conf" value="/Applications/IntelliJ IDEA CE.app/Contents/plugins/maven/lib/maven3/conf"/>
    <property name="java.specification.name" value="Java Platform API Specification"/>
    <property name="java.class.version" value="52.0"/>
    <property name="sun.management.compiler" value="HotSpot 64-Bit Tiered Compilers"/>
    <property name="os.version" value="10.16"/>
    <property name="http.nonProxyHosts" value="local|*.local|169.254/16|*.169.254/16"/>
    <property name="user.home" value="/Users/olaoluajose"/>
    <property name="user.timezone" value="Europe/Madrid"/>
    <property name="java.awt.printerjob" value="sun.lwawt.macosx.CPrinterJob"/>
    <property name="java.specification.version" value="1.8"/>
    <property name="file.encoding" value="UTF-8"/>
    <property name="user.name" value="olaoluajose"/>
    <property name="java.class.path" value="/Applications/IntelliJ IDEA CE.app/Contents/plugins/maven/lib/maven3/boot/plexus-classworlds.license:/Applications/IntelliJ IDEA CE.app/Contents/plugins/maven/lib/maven3/boot/plexus-classworlds-2.6.0.jar:/Applications/IntelliJ IDEA CE.app/Contents/lib/idea_rt.jar"/>
    <property name="java.vm.specification.version" value="1.8"/>
    <property name="sun.arch.data.model" value="64"/>
    <property name="java.home" value="/Users/olaoluajose/Library/Java/JavaVirtualMachines/azul-1.8.0_352/Contents/Home/jre"/>
    <property name="sun.java.command" value="org.codehaus.classworlds.Launcher -Didea.version=2022.2.3 package"/>
    <property name="java.specification.vendor" value="Oracle Corporation"/>
    <property name="user.language" value="en"/>
    <property name="awt.toolkit" value="sun.lwawt.macosx.LWCToolkit"/>
    <property name="java.vm.info" value="mixed mode"/>
    <property name="java.version" value="1.8.0_352"/>
    <property name="java.ext.dirs" value="/Users/olaoluajose/Library/Java/Extensions:/Users/olaoluajose/Library/Java/JavaVirtualMachines/azul-1.8.0_352/Contents/Home/jre/lib/ext:/Library/Java/Extensions:/Network/Library/Java/Extensions:/System/Library/Java/Extensions:/usr/lib/java"/>
    <property name="sun.boot.class.path" value="/Users/olaoluajose/Library/Java/JavaVirtualMachines/azul-1.8.0_352/Contents/Home/jre/lib/resources.jar:/Users/olaoluajose/Library/Java/JavaVirtualMachines/azul-1.8.0_352/Contents/Home/jre/lib/rt.jar:/Users/olaoluajose/Library/Java/JavaVirtualMachines/azul-1.8.0_352/Contents/Home/jre/lib/sunrsasign.jar:/Users/olaoluajose/Library/Java/JavaVirtualMachines/azul-1.8.0_352/Contents/Home/jre/lib/jsse.jar:/Users/olaoluajose/Library/Java/JavaVirtualMachines/azul-1.8.0_352/Contents/Home/jre/lib/jce.jar:/Users/olaoluajose/Library/Java/JavaVirtualMachines/azul-1.8.0_352/Contents/Home/jre/lib/charsets.jar:/Users/olaoluajose/Library/Java/JavaVirtualMachines/azul-1.8.0_352/Contents/Home/jre/lib/jfr.jar:/Users/olaoluajose/Library/Java/JavaVirtualMachines/azul-1.8.0_352/Contents/Home/jre/lib/cat.jar:/Users/olaoluajose/Library/Java/JavaVirtualMachines/azul-1.8.0_352/Contents/Home/jre/classes"/>
    <property name="java.vendor" value="Azul Systems, Inc."/>
    <property name="java.specification.maintenance.version" value="4"/>
    <property name="maven.home" value="/Applications/IntelliJ IDEA CE.app/Contents/plugins/maven/lib/maven3"/>
    <property name="file.separator" value="/"/>
    <property name="java.vendor.url.bug" value="http://www.azul.com/support/"/>
    <property name="sun.cpu.endian" value="little"/>
    <property name="sun.io.unicode.encoding" value="UnicodeBig"/>
    <property name="socksNonProxyHosts" value="local|*.local|169.254/16|*.169.254/16"/>
    <property name="ftp.nonProxyHosts" value="local|*.local|169.254/16|*.169.254/16"/>
    <property name="sun.cpu.isalist" value=""/>
  </properties>
  <testcase classname="org.openmrs.module.blopup.notification.EncryptionServiceTest" name="decrypt_shouldDecryptSmallAndLargeText" time="16.517"/>
  <testcase classname="org.openmrs.module.blopup.notification.EncryptionServiceTest" name="encrypt_shouldEncryptSmallAndLargeText" time="0.129"/>
</testsuite>